GROUP,PACKAGE,CLASS,INSTRUCTION_MISSED,INSTRUCTION_COVERED,BRANCH_MISSED,BRANCH_COVERED,LINE_MISSED,LINE_COVERED,COMPLEXITY_MISSED,COMPLEXITY_COVERED,METHOD_MISSED,METHOD_COVERED
2048-game,ar.edu.unrc.game2048,Cell,0,131,0,28,0,25,0,24,0,10
2048-game,ar.edu.unrc.game2048,Board.Direction,0,27,0,0,0,2,0,1,0,1
2048-game,ar.edu.unrc.game2048,Board,118,967,18,105,20,243,14,78,1,28
2048-game,ar.edu.unrc.game2048,Board.Position,6,56,1,9,1,11,2,7,1,3
2048-game,ar.edu.unrc.game2048,MainCLI,130,0,13,0,40,0,12,0,4,0
