<?xml version="1.0" encoding="UTF-8" standalone="yes"?><!DOCTYPE report PUBLIC "-//JACOCO//DTD Report 1.1//EN" "report.dtd"><report name="2048-game"><sessioninfo id="lenovoyoga-6e4dc05b" start="1789934205917" dump="1789934206486"/><package name="ar/edu/unrc/game2048"><class name="ar/edu/unrc/game2048/Cell" sourcefilename="Cell.java"><method name="&lt;init&gt;" desc="(I)V" line="34"><counter type="INSTRUCTION" missed="0" covered="18"/><counter type="BRANCH" missed="0" covered="4"/><counter type="LINE" missed="0" covered="5"/><counter type="COMPLEXITY" missed="0" covered="3"/><counter type="METHOD" missed="0" covered="1"/></method><method name="powerOfTwo" desc="(I)Z" line="42"><counter type="INSTRUCTION" missed="0" covered="14"/><counter type="BRANCH" missed="0" covered="4"/><counter type="LINE" missed="0" covered="3"/><counter type="COMPLEXITY" missed="0" covered="3"/><counter type="METHOD" missed="0" covered="1"/></method><method name="isEmpty" desc="()Z" line="55"><counter type="INSTRUCTION" missed="0" covered="7"/><counter type="BRANCH" missed="0" covered="2"/><counter type="LINE" missed="0" covered="1"/><counter type="COMPLEXITY" missed="0" covered="2"/><counter type="METHOD" missed="0" covered="1"/></method><method name="getValue" desc="()I" line="64"><counter type="INSTRUCTION" missed="0" covered="3"/><counter type="LINE" missed="0" covered="1"/><counter type="COMPLEXITY" missed="0" covered="1"/><counter type="METHOD" missed="0" covered="1"/></method><method name="canMergeWith" desc="(Lar/edu/unrc/game2048/Cell;)Z" line="75"><counter type="INSTRUCTION" missed="0" covered="17"/><counter type="BRANCH" missed="0" covered="6"/><counter type="LINE" missed="0" covered="3"/><counter type="COMPLEXITY" missed="0" covered="4"/><counter type="METHOD" missed="0" covered="1"/></method><method name="mergeWith" desc="(Lar/edu/unrc/game2048/Cell;)Lar/edu/unrc/game2048/Cell;" line="90"><counter type="INSTRUCTION" missed="0" covered="21"/><counter type="BRANCH" missed="0" covered="2"/><counter type="LINE" missed="0" covered="3"/><counter type="COMPLEXITY" missed="0" covered="2"/><counter type="METHOD" missed="0" covered="1"/></method><method name="equals" desc="(Ljava/lang/Object;)Z" line="106"><counter type="INSTRUCTION" missed="0" covered="26"/><counter type="BRANCH" missed="0" covered="8"/><counter type="LINE" missed="0" covered="6"/><counter type="COMPLEXITY" missed="0" covered="5"/><counter type="METHOD" missed="0" covered="1"/></method><method name="hashCode" desc="()I" line="122"><counter type="INSTRUCTION" missed="0" covered="10"/><counter type="LINE" missed="0" covered="1"/><counter type="COMPLEXITY" missed="0" covered="1"/><counter type="METHOD" missed="0" covered="1"/></method><method name="toString" desc="()Ljava/lang/String;" line="134"><counter type="INSTRUCTION" missed="0" covered="9"/><counter type="BRANCH" missed="0" covered="2"/><counter type="LINE" missed="0" covered="1"/><counter type="COMPLEXITY" missed="0" covered="2"/><counter type="METHOD" missed="0" covered="1"/></method><method name="&lt;clinit&gt;" desc="()V" line="25"><counter type="INSTRUCTION" missed="0" covered="6"/><counter type="LINE" missed="0" covered="1"/><counter type="COMPLEXITY" missed="0" covered="1"/><counter type="METHOD" missed="0" covered="1"/></method><counter type="INSTRUCTION" missed="0" covered="131"/><counter type="BRANCH" missed="0" covered="28"/><counter type="LINE" missed="0" covered="25"/><counter type="COMPLEXITY" missed="0" covered="24"/><counter type="METHOD" missed="0" covered="10"/><counter type="CLASS" missed="0" covered="1"/></class><class name="ar/edu/unrc/game2048/Board$Direction" sourcefilename="Board.java"><method name="&lt;clinit&gt;" desc="()V" line="584"><counter type="INSTRUCTION" missed="27" covered="0"/><counter type="LINE" missed="2" covered="0"/><counter type="COMPLEXITY" missed="1" covered="0"/><counter type="METHOD" missed="1" covered="0"/></method><counter type="INSTRUCTION" missed="27" covered="0"/><counter type="LINE" missed="2" covered="0"/><counter type="COMPLEXITY" missed="1" covered="0"/><counter type="METHOD" missed="1" covered="0"/><counter type="CLASS" missed="1" covered="0"/></class><class name="ar/edu/unrc/game2048/Board" sourcefilename="Board.java"><method name="&lt;init&gt;" desc="()V" line="56"><counter type="INSTRUCTION" missed="0" covered="5"/><counter type="LINE" missed="0" covered="2"/><counter type="COMPLEXITY" missed="0" covered="1"/><counter type="METHOD" missed="0" covered="1"/></method><method name="&lt;init&gt;" desc="(I)V" line="66"><counter type="INSTRUCTION" missed="0" covered="5"/><counter type="LINE" missed="0" covered="2"/><counter type="COMPLEXITY" missed="0" covered="1"/><counter type="METHOD" missed="0" covered="1"/></method><method name="&lt;init&gt;" desc="(II)V" line="77"><counter type="INSTRUCTION" missed="0" covered="68"/><counter type="BRANCH" missed="0" covered="8"/><counter type="LINE" missed="0" covered="18"/><counter type="COMPLEXITY" missed="0" covered="5"/><counter type="METHOD" missed="0" covered="1"/></method><method name="powerOfTwo" desc="(I)Z" line="110"><counter type="INSTRUCTION" missed="2" covered="12"/><counter type="BRANCH" missed="1" covered="3"/><counter type="LINE" missed="1" covered="2"/><counter type="COMPLEXITY" missed="1" covered="2"/><counter type="METHOD" missed="0" covered="1"/></method><method name="&lt;init&gt;" desc="(Lar/edu/unrc/game2048/Board;)V" line="122"><counter type="INSTRUCTION" missed="0" covered="50"/><counter type="BRANCH" missed="0" covered="4"/><counter type="LINE" missed="0" covered="9"/><counter type="COMPLEXITY" missed="0" covered="3"/><counter type="METHOD" missed="0" covered="1"/></method><method name="validSize" desc="(I)Z" line="142"><counter type="INSTRUCTION" missed="2" covered="19"/><counter type="BRANCH" missed="1" covered="3"/><counter type="LINE" missed="1" covered="2"/><counter type="COMPLEXITY" missed="1" covered="2"/><counter type="METHOD" missed="0" covered="1"/></method><method name="initializeEmpty" desc="()V" line="153"><counter type="INSTRUCTION" missed="0" covered="24"/><counter type="BRANCH" missed="0" covered="4"/><counter type="LINE" missed="0" covered="4"/><counter type="COMPLEXITY" missed="0" covered="3"/><counter type="METHOD" missed="0" covered="1"/></method><method name="initializeEmptyTest" desc="()V" line="164"><counter type="INSTRUCTION" missed="0" covered="3"/><counter type="LINE" missed="0" covered="2"/><counter type="COMPLEXITY" missed="0" covered="1"/><counter type="METHOD" missed="0" covered="1"/></method><method name="getSize" desc="()I" line="173"><counter type="INSTRUCTION" missed="0" covered="3"/><counter type="LINE" missed="0" covered="1"/><counter type="COMPLEXITY" missed="0" covered="1"/><counter type="METHOD" missed="0" covered="1"/></method><method name="getScore" desc="()I" line="182"><counter type="INSTRUCTION" missed="0" covered="3"/><counter type="LINE" missed="0" covered="1"/><counter type="COMPLEXITY" missed="0" covered="1"/><counter type="METHOD" missed="0" covered="1"/></method><method name="getCell" desc="(II)Lar/edu/unrc/game2048/Cell;" line="194"><counter type="INSTRUCTION" missed="0" covered="11"/><counter type="LINE" missed="0" covered="2"/><counter type="COMPLEXITY" missed="0" covered="1"/><counter type="METHOD" missed="0" covered="1"/></method><method name="setCell" desc="(IILar/edu/unrc/game2048/Cell;)V" line="208"><counter type="INSTRUCTION" missed="0" covered="19"/><counter type="BRANCH" missed="0" covered="2"/><counter type="LINE" missed="0" covered="5"/><counter type="COMPLEXITY" missed="0" covered="2"/><counter type="METHOD" missed="0" covered="1"/></method><method name="validatePosition" desc="(II)V" line="223"><counter type="INSTRUCTION" missed="0" covered="37"/><counter type="BRANCH" missed="0" covered="8"/><counter type="LINE" missed="0" covered="5"/><counter type="COMPLEXITY" missed="0" covered="5"/><counter type="METHOD" missed="0" covered="1"/></method><method name="getEmptyPositions" desc="()Ljava/util/Set;" line="236"><counter type="INSTRUCTION" missed="0" covered="38"/><counter type="BRANCH" missed="0" covered="6"/><counter type="LINE" missed="0" covered="6"/><counter type="COMPLEXITY" missed="0" covered="4"/><counter type="METHOD" missed="0" covered="1"/></method><method name="hasEmptyCells" desc="()Z" line="253"><counter type="INSTRUCTION" missed="0" covered="8"/><counter type="BRANCH" missed="0" covered="2"/><counter type="LINE" missed="0" covered="1"/><counter type="COMPLEXITY" missed="0" covered="2"/><counter type="METHOD" missed="0" covered="1"/></method><method name="isWinningBoard" desc="()Z" line="263"><counter type="INSTRUCTION" missed="0" covered="30"/><counter type="BRANCH" missed="0" covered="6"/><counter type="LINE" missed="0" covered="5"/><counter type="COMPLEXITY" missed="0" covered="4"/><counter type="METHOD" missed="0" covered="1"/></method><method name="isLosingBoard" desc="()Z" line="281"><counter type="INSTRUCTION" missed="0" covered="68"/><counter type="BRANCH" missed="0" covered="14"/><counter type="LINE" missed="0" covered="10"/><counter type="COMPLEXITY" missed="0" covered="8"/><counter type="METHOD" missed="0" covered="1"/></method><method name="isFull" desc="()Z" line="308"><counter type="INSTRUCTION" missed="1" covered="6"/><counter type="BRANCH" missed="1" covered="1"/><counter type="LINE" missed="0" covered="1"/><counter type="COMPLEXITY" missed="1" covered="1"/><counter type="METHOD" missed="0" covered="1"/></method><method name="moveUp" desc="()Z" line="320"><counter type="INSTRUCTION" missed="0" covered="78"/><counter type="BRANCH" missed="0" covered="10"/><counter type="LINE" missed="0" covered="14"/><counter type="COMPLEXITY" missed="0" covered="6"/><counter type="METHOD" missed="0" covered="1"/></method><method name="moveDown" desc="()Z" line="353"><counter type="INSTRUCTION" missed="0" covered="85"/><counter type="BRANCH" missed="0" covered="10"/><counter type="LINE" missed="0" covered="14"/><counter type="COMPLEXITY" missed="0" covered="6"/><counter type="METHOD" missed="0" covered="1"/></method><method name="moveLeft" desc="()Z" line="386"><counter type="INSTRUCTION" missed="0" covered="78"/><counter type="BRANCH" missed="0" covered="10"/><counter type="LINE" missed="0" covered="14"/><counter type="COMPLEXITY" missed="0" covered="6"/><counter type="METHOD" missed="0" covered="1"/></method><method name="moveRight" desc="()Z" line="419"><counter type="INSTRUCTION" missed="0" covered="85"/><counter type="BRANCH" missed="0" covered="10"/><counter type="LINE" missed="0" covered="14"/><counter type="COMPLEXITY" missed="0" covered="6"/><counter type="METHOD" missed="0" covered="1"/></method><method name="mergeAdjacentEqualsCells" desc="(Ljava/util/List;)Ljava/util/List;" line="453"><counter type="INSTRUCTION" missed="0" covered="64"/><counter type="BRANCH" missed="0" covered="6"/><counter type="LINE" missed="0" covered="13"/><counter type="COMPLEXITY" missed="0" covered="4"/><counter type="METHOD" missed="0" covered="1"/></method><method name="removeEmptyCells" desc="(Ljava/util/List;)Ljava/util/List;" line="477"><counter type="INSTRUCTION" missed="0" covered="24"/><counter type="BRANCH" missed="0" covered="4"/><counter type="LINE" missed="0" covered="6"/><counter type="COMPLEXITY" missed="0" covered="3"/><counter type="METHOD" missed="0" covered="1"/></method><method name="padWithEmptyCells" desc="(Ljava/util/List;)V" line="493"><counter type="INSTRUCTION" missed="0" covered="11"/><counter type="BRANCH" missed="0" covered="2"/><counter type="LINE" missed="0" covered="3"/><counter type="COMPLEXITY" missed="0" covered="2"/><counter type="METHOD" missed="0" covered="1"/></method><method name="addRandomTile" desc="()Z" line="508"><counter type="INSTRUCTION" missed="2" covered="44"/><counter type="BRANCH" missed="1" covered="3"/><counter type="LINE" missed="1" covered="7"/><counter type="COMPLEXITY" missed="1" covered="2"/><counter type="METHOD" missed="0" covered="1"/></method><method name="equals" desc="(Ljava/lang/Object;)Z" line="535"><counter type="INSTRUCTION" missed="0" covered="42"/><counter type="BRANCH" missed="1" covered="13"/><counter type="LINE" missed="0" covered="7"/><counter type="COMPLEXITY" missed="1" covered="7"/><counter type="METHOD" missed="0" covered="1"/></method><method name="hashCode" desc="()I" line="548"><counter type="INSTRUCTION" missed="0" covered="23"/><counter type="LINE" missed="0" covered="1"/><counter type="COMPLEXITY" missed="0" covered="1"/><counter type="METHOD" missed="0" covered="1"/></method><method name="toString" desc="()Ljava/lang/String;" line="557"><counter type="INSTRUCTION" missed="2" covered="106"/><counter type="BRANCH" missed="1" covered="9"/><counter type="LINE" missed="0" covered="16"/><counter type="COMPLEXITY" missed="1" covered="5"/><counter type="METHOD" missed="0" covered="1"/></method><method name="isEmpty" desc="()Z" line="622"><counter type="INSTRUCTION" missed="2" covered="31"/><counter type="BRANCH" missed="1" covered="5"/><counter type="LINE" missed="1" covered="4"/><counter type="COMPLEXITY" missed="1" covered="3"/><counter type="METHOD" missed="0" covered="1"/></method><counter type="INSTRUCTION" missed="11" covered="1080"/><counter type="BRANCH" missed="7" covered="143"/><counter type="LINE" missed="4" covered="191"/><counter type="COMPLEXITY" missed="7" covered="98"/><counter type="METHOD" missed="0" covered="30"/><counter type="CLASS" missed="0" covered="1"/></class><class name="ar/edu/unrc/game2048/Board$Position" sourcefilename="Board.java"><method name="&lt;init&gt;" desc="(II)V" line="595"><counter type="INSTRUCTION" missed="0" covered="9"/><counter type="LINE" missed="0" covered="4"/><counter type="COMPLEXITY" missed="0" covered="1"/><counter type="METHOD" missed="0" covered="1"/></method><method name="equals" desc="(Ljava/lang/Object;)Z" line="602"><counter type="INSTRUCTION" missed="0" covered="31"/><counter type="BRANCH" missed="1" covered="9"/><counter type="LINE" missed="0" covered="6"/><counter type="COMPLEXITY" missed="1" covered="5"/><counter type="METHOD" missed="0" covered="1"/></method><method name="hashCode" desc="()I" line="612"><counter type="INSTRUCTION" missed="0" covered="16"/><counter type="LINE" missed="0" covered="1"/><counter type="COMPLEXITY" missed="0" covered="1"/><counter type="METHOD" missed="0" covered="1"/></method><method name="toString" desc="()Ljava/lang/String;" line="617"><counter type="INSTRUCTION" missed="6" covered="0"/><counter type="LINE" missed="1" covered="0"/><counter type="COMPLEXITY" missed="1" covered="0"/><counter type="METHOD" missed="1" covered="0"/></method><counter type="INSTRUCTION" missed="6" covered="56"/><counter type="BRANCH" missed="1" covered="9"/><counter type="LINE" missed="1" covered="11"/><counter type="COMPLEXITY" missed="2" covered="7"/><counter type="METHOD" missed="1" covered="3"/><counter type="CLASS" missed="0" covered="1"/></class><class name="ar/edu/unrc/game2048/MainCLI" sourcefilename="MainCLI.java"><method name="&lt;init&gt;" desc="()V" line="15"><counter type="INSTRUCTION" missed="48" covered="0"/><counter type="BRANCH" missed="4" covered="0"/><counter type="LINE" missed="14" covered="0"/><counter type="COMPLEXITY" missed="3" covered="0"/><counter type="METHOD" missed="1" covered="0"/></method><method name="play" desc="()V" line="39"><counter type="INSTRUCTION" missed="104" covered="0"/><counter type="BRANCH" missed="13" covered="0"/><counter type="LINE" missed="35" covered="0"/><counter type="COMPLEXITY" missed="9" covered="0"/><counter type="METHOD" missed="1" covered="0"/></method><method name="displayBoard" desc="()V" line="100"><counter type="INSTRUCTION" missed="5" covered="0"/><counter type="LINE" missed="2" covered="0"/><counter type="COMPLEXITY" missed="1" covered="0"/><counter type="METHOD" missed="1" covered="0"/></method><method name="main" desc="([Ljava/lang/String;)V" line="104"><counter type="INSTRUCTION" missed="7" covered="0"/><counter type="LINE" missed="3" covered="0"/><counter type="COMPLEXITY" missed="1" covered="0"/><counter type="METHOD" missed="1" covered="0"/></method><counter type="INSTRUCTION" missed="164" covered="0"/><counter type="BRANCH" missed="17" covered="0"/><counter type="LINE" missed="54" covered="0"/><counter type="COMPLEXITY" missed="14" covered="0"/><counter type="METHOD" missed="4" covered="0"/><counter type="CLASS" missed="1" covered="0"/></class><sourcefile name="Board.java"><line nr="56" mi="0" ci="4" mb="0" cb="0"/><line nr="57" mi="0" ci="1" mb="0" cb="0"/><line nr="66" mi="0" ci="4" mb="0" cb="0"/><line nr="67" mi="0" ci="1" mb="0" cb="0"/><line nr="77" mi="0" ci="2" mb="0" cb="0"/><line nr="78" mi="0" ci="2" mb="0" cb="2"/><line nr="79" mi="0" ci="6" mb="0" cb="0"/><line nr="81" mi="0" ci="2" mb="0" cb="2"/><line nr="82" mi="0" ci="6" mb="0" cb="0"/><line nr="84" mi="0" ci="4" mb="0" cb="2"/><line nr="85" mi="0" ci="6" mb="0" cb="0"/><line nr="88" mi="0" ci="3" mb="0" cb="0"/><line nr="90" mi="0" ci="4" mb="0" cb="2"/><line nr="91" mi="0" ci="4" mb="0" cb="0"/><line nr="92" mi="0" ci="9" mb="0" cb="0"/><line nr="95" mi="0" ci="3" mb="0" cb="0"/><line nr="96" mi="0" ci="5" mb="0" cb="0"/><line nr="97" mi="0" ci="3" mb="0" cb="0"/><line nr="98" mi="0" ci="2" mb="0" cb="0"/><line nr="99" mi="0" ci="3" mb="0" cb="0"/><line nr="100" mi="0" ci="3" mb="0" cb="0"/><line nr="101" mi="0" ci="1" mb="0" cb="0"/><line nr="110" mi="0" ci="2" mb="1" cb="1"/><line nr="111" mi="2" ci="0" mb="0" cb="0"/><line nr="114" mi="0" ci="10" mb="0" cb="2"/><line nr="122" mi="0" ci="2" mb="0" cb="0"/><line nr="123" mi="0" ci="4" mb="0" cb="0"/><line nr="124" mi="0" ci="4" mb="0" cb="0"/><line nr="125" mi="0" ci="7" mb="0" cb="0"/><line nr="126" mi="0" ci="4" mb="0" cb="0"/><line nr="127" mi="0" ci="8" mb="0" cb="2"/><line nr="128" mi="0" ci="8" mb="0" cb="2"/><line nr="129" mi="0" ci="12" mb="0" cb="0"/><line nr="132" mi="0" ci="1" mb="0" cb="0"/><line nr="142" mi="0" ci="2" mb="1" cb="1"/><line nr="143" mi="2" ci="0" mb="0" cb="0"/><line nr="146" mi="0" ci="17" mb="0" cb="2"/><line nr="153" mi="0" ci="8" mb="0" cb="2"/><line nr="154" mi="0" ci="8" mb="0" cb="2"/><line nr="155" mi="0" ci="7" mb="0" cb="0"/><line nr="158" mi="0" ci="1" mb="0" cb="0"/><line nr="164" mi="0" ci="2" mb="0" cb="0"/><line nr="165" mi="0" ci="1" mb="0" cb="0"/><line nr="173" mi="0" ci="3" mb="0" cb="0"/><line nr="182" mi="0" ci="3" mb="0" cb="0"/><line nr="194" mi="0" ci="4" mb="0" cb="0"/><line nr="195" mi="0" ci="7" mb="0" cb="0"/><line nr="208" mi="0" ci="4" mb="0" cb="0"/><line nr="209" mi="0" ci="2" mb="0" cb="2"/><line nr="210" mi="0" ci="5" mb="0" cb="0"/><line nr="212" mi="0" ci="7" mb="0" cb="0"/><line nr="213" mi="0" ci="1" mb="0" cb="0"/><line nr="223" mi="0" ci="12" mb="0" cb="8"/><line nr="224" mi="0" ci="8" mb="0" cb="0"/><line nr="225" mi="0" ci="3" mb="0" cb="0"/><line nr="226" mi="0" ci="13" mb="0" cb="0"/><line nr="228" mi="0" ci="1" mb="0" cb="0"/><line nr="236" mi="0" ci="4" mb="0" cb="0"/><line nr="237" mi="0" ci="8" mb="0" cb="2"/><line nr="238" mi="0" ci="8" mb="0" cb="2"/><line nr="239" mi="0" ci="8" mb="0" cb="2"/><line nr="240" mi="0" ci="8" mb="0" cb="0"/><line nr="244" mi="0" ci="2" mb="0" cb="0"/><line nr="253" mi="0" ci="8" mb="0" cb="2"/><line nr="263" mi="0" ci="8" mb="0" cb="2"/><line nr="264" mi="0" ci="8" mb="0" cb="2"/><line nr="265" mi="0" ci="10" mb="0" cb="2"/><line nr="266" mi="0" ci="2" mb="0" cb="0"/><line nr="270" mi="0" ci="2" mb="0" cb="0"/><line nr="281" mi="0" ci="3" mb="0" cb="2"/><line nr="282" mi="0" ci="2" mb="0" cb="0"/><line nr="286" mi="0" ci="8" mb="0" cb="2"/><line nr="287" mi="0" ci="8" mb="0" cb="2"/><line nr="288" mi="0" ci="7" mb="0" cb="0"/><line nr="290" mi="0" ci="17" mb="0" cb="4"/><line nr="291" mi="0" ci="2" mb="0" cb="0"/><line nr="294" mi="0" ci="17" mb="0" cb="4"/><line nr="295" mi="0" ci="2" mb="0" cb="0"/><line nr="299" mi="0" ci="2" mb="0" cb="0"/><line nr="308" mi="1" ci="6" mb="1" cb="1"/><line nr="320" mi="0" ci="5" mb="0" cb="0"/><line nr="323" mi="0" ci="8" mb="0" cb="2"/><line nr="325" mi="0" ci="4" mb="0" cb="0"/><line nr="326" mi="0" ci="8" mb="0" cb="2"/><line nr="327" mi="0" ci="9" mb="0" cb="0"/><line nr="330" mi="0" ci="4" mb="0" cb="0"/><line nr="331" mi="0" ci="4" mb="0" cb="0"/><line nr="332" mi="0" ci="3" mb="0" cb="0"/><line nr="335" mi="0" ci="8" mb="0" cb="2"/><line nr="336" mi="0" ci="10" mb="0" cb="0"/><line nr="340" mi="0" ci="8" mb="0" cb="2"/><line nr="341" mi="0" ci="2" mb="0" cb="2"/><line nr="342" mi="0" ci="3" mb="0" cb="0"/><line nr="344" mi="0" ci="2" mb="0" cb="0"/><line nr="353" mi="0" ci="5" mb="0" cb="0"/><line nr="356" mi="0" ci="8" mb="0" cb="2"/><line nr="358" mi="0" ci="4" mb="0" cb="0"/><line nr="359" mi="0" ci="9" mb="0" cb="2"/><line nr="360" mi="0" ci="9" mb="0" cb="0"/><line nr="363" mi="0" ci="4" mb="0" cb="0"/><line nr="364" mi="0" ci="4" mb="0" cb="0"/><line nr="365" mi="0" ci="3" mb="0" cb="0"/><line nr="368" mi="0" ci="9" mb="0" cb="2"/><line nr="369" mi="0" ci="15" mb="0" cb="0"/><line nr="373" mi="0" ci="8" mb="0" cb="2"/><line nr="374" mi="0" ci="2" mb="0" cb="2"/><line nr="375" mi="0" ci="3" mb="0" cb="0"/><line nr="377" mi="0" ci="2" mb="0" cb="0"/><line nr="386" mi="0" ci="5" mb="0" cb="0"/><line nr="389" mi="0" ci="8" mb="0" cb="2"/><line nr="391" mi="0" ci="4" mb="0" cb="0"/><line nr="392" mi="0" ci="8" mb="0" cb="2"/><line nr="393" mi="0" ci="9" mb="0" cb="0"/><line nr="396" mi="0" ci="4" mb="0" cb="0"/><line nr="397" mi="0" ci="4" mb="0" cb="0"/><line nr="398" mi="0" ci="3" mb="0" cb="0"/><line nr="401" mi="0" ci="8" mb="0" cb="2"/><line nr="402" mi="0" ci="10" mb="0" cb="0"/><line nr="406" mi="0" ci="8" mb="0" cb="2"/><line nr="407" mi="0" ci="2" mb="0" cb="2"/><line nr="408" mi="0" ci="3" mb="0" cb="0"/><line nr="410" mi="0" ci="2" mb="0" cb="0"/><line nr="419" mi="0" ci="5" mb="0" cb="0"/><line nr="422" mi="0" ci="8" mb="0" cb="2"/><line nr="424" mi="0" ci="4" mb="0" cb="0"/><line nr="425" mi="0" ci="9" mb="0" cb="2"/><line nr="426" mi="0" ci="9" mb="0" cb="0"/><line nr="429" mi="0" ci="4" mb="0" cb="0"/><line nr="430" mi="0" ci="4" mb="0" cb="0"/><line nr="431" mi="0" ci="3" mb="0" cb="0"/><line nr="434" mi="0" ci="9" mb="0" cb="2"/><line nr="435" mi="0" ci="15" mb="0" cb="0"/><line nr="439" mi="0" ci="8" mb="0" cb="2"/><line nr="440" mi="0" ci="2" mb="0" cb="2"/><line nr="441" mi="0" ci="3" mb="0" cb="0"/><line nr="443" mi="0" ci="2" mb="0" cb="0"/><line nr="453" mi="0" ci="4" mb="0" cb="0"/><line nr="454" mi="0" ci="2" mb="0" cb="0"/><line nr="455" mi="0" ci="4" mb="0" cb="2"/><line nr="456" mi="0" ci="8" mb="0" cb="2"/><line nr="457" mi="0" ci="10" mb="0" cb="2"/><line nr="458" mi="0" ci="12" mb="0" cb="0"/><line nr="459" mi="0" ci="4" mb="0" cb="0"/><line nr="460" mi="0" ci="7" mb="0" cb="0"/><line nr="461" mi="0" ci="1" mb="0" cb="0"/><line nr="462" mi="0" ci="1" mb="0" cb="0"/><line nr="463" mi="0" ci="7" mb="0" cb="0"/><line nr="464" mi="0" ci="2" mb="0" cb="0"/><line nr="467" mi="0" ci="2" mb="0" cb="0"/><line nr="477" mi="0" ci="4" mb="0" cb="0"/><line nr="478" mi="0" ci="10" mb="0" cb="2"/><line nr="479" mi="0" ci="3" mb="0" cb="2"/><line nr="480" mi="0" ci="4" mb="0" cb="0"/><line nr="482" mi="0" ci="1" mb="0" cb="0"/><line nr="483" mi="0" ci="2" mb="0" cb="0"/><line nr="493" mi="0" ci="5" mb="0" cb="2"/><line nr="494" mi="0" ci="5" mb="0" cb="0"/><line nr="496" mi="0" ci="1" mb="0" cb="0"/><line nr="508" mi="0" ci="3" mb="0" cb="0"/><line nr="509" mi="0" ci="3" mb="1" cb="1"/><line nr="510" mi="2" ci="0" mb="0" cb="0"/><line nr="514" mi="0" ci="7" mb="0" cb="0"/><line nr="515" mi="0" ci="9" mb="0" cb="0"/><line nr="518" mi="0" ci="8" mb="0" cb="2"/><line nr="519" mi="0" ci="12" mb="0" cb="0"/><line nr="521" mi="0" ci="2" mb="0" cb="0"/><line nr="535" mi="0" ci="3" mb="0" cb="2"/><line nr="536" mi="0" ci="2" mb="0" cb="0"/><line nr="537" mi="0" ci="7" mb="0" cb="4"/><line nr="538" mi="0" ci="2" mb="0" cb="0"/><line nr="539" mi="0" ci="3" mb="0" cb="0"/><line nr="540" mi="0" ci="20" mb="1" cb="5"/><line nr="543" mi="0" ci="5" mb="0" cb="2"/><line nr="548" mi="0" ci="23" mb="0" cb="0"/><line nr="557" mi="0" ci="4" mb="0" cb="0"/><line nr="558" mi="0" ci="9" mb="0" cb="0"/><line nr="559" mi="0" ci="8" mb="0" cb="2"/><line nr="560" mi="0" ci="4" mb="0" cb="0"/><line nr="561" mi="0" ci="8" mb="0" cb="2"/><line nr="562" mi="0" ci="4" mb="0" cb="0"/><line nr="564" mi="0" ci="4" mb="0" cb="0"/><line nr="565" mi="0" ci="8" mb="0" cb="2"/><line nr="566" mi="2" ci="24" mb="1" cb="1"/><line nr="567" mi="0" ci="6" mb="0" cb="0"/><line nr="569" mi="0" ci="4" mb="0" cb="0"/><line nr="571" mi="0" ci="4" mb="0" cb="0"/><line nr="572" mi="0" ci="8" mb="0" cb="2"/><line nr="573" mi="0" ci="4" mb="0" cb="0"/><line nr="575" mi="0" ci="4" mb="0" cb="0"/><line nr="576" mi="0" ci="3" mb="0" cb="0"/><line nr="584" mi="3" ci="0" mb="0" cb="0"/><line nr="585" mi="24" ci="0" mb="0" cb="0"/><line nr="595" mi="0" ci="2" mb="0" cb="0"/><line nr="596" mi="0" ci="3" mb="0" cb="0"/><line nr="597" mi="0" ci="3" mb="0" cb="0"/><line nr="598" mi="0" ci="1" mb="0" cb="0"/><line nr="602" mi="0" ci="3" mb="0" cb="2"/><line nr="603" mi="0" ci="2" mb="0" cb="0"/><line nr="604" mi="0" ci="7" mb="0" cb="4"/><line nr="605" mi="0" ci="2" mb="0" cb="0"/><line nr="606" mi="0" ci="3" mb="0" cb="0"/><line nr="607" mi="0" ci="14" mb="1" cb="3"/><line nr="612" mi="0" ci="16" mb="0" cb="0"/><line nr="617" mi="6" ci="0" mb="0" cb="0"/><line nr="622" mi="0" ci="9" mb="0" cb="2"/><line nr="623" mi="0" ci="11" mb="0" cb="2"/><line nr="624" mi="0" ci="9" mb="1" cb="1"/><line nr="625" mi="2" ci="0" mb="0" cb="0"/><line nr="628" mi="0" ci="2" mb="0" cb="0"/><counter type="INSTRUCTION" missed="44" covered="1136"/><counter type="BRANCH" missed="8" covered="152"/><counter type="LINE" missed="7" covered="202"/><counter type="COMPLEXITY" missed="10" covered="105"/><counter type="METHOD" missed="2" covered="33"/><counter type="CLASS" missed="1" covered="2"/></sourcefile><sourcefile name="Cell.java"><line nr="25" mi="0" ci="6" mb="0" cb="0"/><line nr="34" mi="0" ci="2" mb="0" cb="0"/><line nr="35" mi="0" ci="6" mb="0" cb="4"/><line nr="36" mi="0" ci="6" mb="0" cb="0"/><line nr="38" mi="0" ci="3" mb="0" cb="0"/><line nr="39" mi="0" ci="1" mb="0" cb="0"/><line nr="42" mi="0" ci="2" mb="0" cb="2"/><line nr="43" mi="0" ci="2" mb="0" cb="0"/><line nr="46" mi="0" ci="10" mb="0" cb="2"/><line nr="55" mi="0" ci="7" mb="0" cb="2"/><line nr="64" mi="0" ci="3" mb="0" cb="0"/><line nr="75" mi="0" ci="6" mb="0" cb="4"/><line nr="76" mi="0" ci="2" mb="0" cb="0"/><line nr="78" mi="0" ci="9" mb="0" cb="2"/><line nr="90" mi="0" ci="4" mb="0" cb="2"/><line nr="91" mi="0" ci="9" mb="0" cb="0"/><line nr="94" mi="0" ci="8" mb="0" cb="0"/><line nr="106" mi="0" ci="3" mb="0" cb="2"/><line nr="107" mi="0" ci="2" mb="0" cb="0"/><line nr="108" mi="0" ci="7" mb="0" cb="4"/><line nr="109" mi="0" ci="2" mb="0" cb="0"/><line nr="110" mi="0" ci="3" mb="0" cb="0"/><line nr="111" mi="0" ci="9" mb="0" cb="2"/><line nr="122" mi="0" ci="10" mb="0" cb="0"/><line nr="134" mi="0" ci="9" mb="0" cb="2"/><counter type="INSTRUCTION" missed="0" covered="131"/><counter type="BRANCH" missed="0" covered="28"/><counter type="LINE" missed="0" covered="25"/><counter type="COMPLEXITY" missed="0" covered="24"/><counter type="METHOD" missed="0" covered="10"/><counter type="CLASS" missed="0" covered="1"/></sourcefile><sourcefile name="MainCLI.java"><line nr="15" mi="2" ci="0" mb="0" cb="0"/><line nr="16" mi="6" ci="0" mb="0" cb="0"/><line nr="18" mi="3" ci="0" mb="0" cb="0"/><line nr="19" mi="5" ci="0" mb="0" cb="0"/><line nr="21" mi="3" ci="0" mb="0" cb="0"/><line nr="22" mi="5" ci="0" mb="0" cb="0"/><line nr="24" mi="3" ci="0" mb="2" cb="0"/><line nr="25" mi="2" ci="0" mb="0" cb="0"/><line nr="26" mi="3" ci="0" mb="0" cb="0"/><line nr="28" mi="3" ci="0" mb="2" cb="0"/><line nr="29" mi="2" ci="0" mb="0" cb="0"/><line nr="30" mi="3" ci="0" mb="0" cb="0"/><line nr="32" mi="7" ci="0" mb="0" cb="0"/><line nr="33" mi="1" ci="0" mb="0" cb="0"/><line nr="39" mi="3" ci="0" mb="0" cb="0"/><line nr="40" mi="3" ci="0" mb="0" cb="0"/><line nr="41" mi="2" ci="0" mb="0" cb="0"/><line nr="44" mi="2" ci="0" mb="0" cb="0"/><line nr="46" mi="4" ci="0" mb="2" cb="0"/><line nr="47" mi="3" ci="0" mb="0" cb="0"/><line nr="48" mi="3" ci="0" mb="0" cb="0"/><line nr="51" mi="4" ci="0" mb="2" cb="0"/><line nr="52" mi="3" ci="0" mb="0" cb="0"/><line nr="53" mi="6" ci="0" mb="0" cb="0"/><line nr="54" mi="1" ci="0" mb="0" cb="0"/><line nr="57" mi="3" ci="0" mb="0" cb="0"/><line nr="58" mi="6" ci="0" mb="0" cb="0"/><line nr="60" mi="4" ci="0" mb="2" cb="0"/><line nr="61" mi="6" ci="0" mb="0" cb="0"/><line nr="62" mi="1" ci="0" mb="0" cb="0"/><line nr="65" mi="2" ci="0" mb="0" cb="0"/><line nr="66" mi="8" ci="0" mb="5" cb="0"/><line nr="68" mi="4" ci="0" mb="0" cb="0"/><line nr="69" mi="1" ci="0" mb="0" cb="0"/><line nr="71" mi="4" ci="0" mb="0" cb="0"/><line nr="72" mi="1" ci="0" mb="0" cb="0"/><line nr="74" mi="4" ci="0" mb="0" cb="0"/><line nr="75" mi="1" ci="0" mb="0" cb="0"/><line nr="77" mi="4" ci="0" mb="0" cb="0"/><line nr="78" mi="1" ci="0" mb="0" cb="0"/><line nr="80" mi="3" ci="0" mb="0" cb="0"/><line nr="81" mi="1" ci="0" mb="0" cb="0"/><line nr="84" mi="2" ci="0" mb="2" cb="0"/><line nr="85" mi="4" ci="0" mb="0" cb="0"/><line nr="87" mi="3" ci="0" mb="0" cb="0"/><line nr="90" mi="2" ci="0" mb="0" cb="0"/><line nr="91" mi="1" ci="0" mb="0" cb="0"/><line nr="93" mi="3" ci="0" mb="0" cb="0"/><line nr="94" mi="1" ci="0" mb="0" cb="0"/><line nr="100" mi="4" ci="0" mb="0" cb="0"/><line nr="101" mi="1" ci="0" mb="0" cb="0"/><line nr="104" mi="4" ci="0" mb="0" cb="0"/><line nr="105" mi="2" ci="0" mb="0" cb="0"/><line nr="106" mi="1" ci="0" mb="0" cb="0"/><counter type="INSTRUCTION" missed="164" covered="0"/><counter type="BRANCH" missed="17" covered="0"/><counter type="LINE" missed="54" covered="0"/><counter type="COMPLEXITY" missed="14" covered="0"/><counter type="METHOD" missed="4" covered="0"/><counter type="CLASS" missed="1" covered="0"/></sourcefile><counter type="INSTRUCTION" missed="208" covered="1267"/><counter type="BRANCH" missed="25" covered="180"/><counter type="LINE" missed="61" covered="227"/><counter type="COMPLEXITY" missed="24" covered="129"/><counter type="METHOD" missed="6" covered="43"/><counter type="CLASS" missed="2" covered="3"/></package><counter type="INSTRUCTION" missed="208" covered="1267"/><counter type="BRANCH" missed="25" covered="180"/><counter type="LINE" missed="61" covered="227"/><counter type="COMPLEXITY" missed="24" covered="129"/><counter type="METHOD" missed="6" covered="43"/><counter type="CLASS" missed="2" covered="3"/></report>